<?xml version="1.0" encoding="UTF-8"?>
<!-- Generated by org.testng.reporters.JUnitReportReporter -->
<testsuite hostname="WL312451" name="com.BusinessScript.HelloWorld" tests="3" failures="1" timestamp="27 Jul 2016 09:19:26 GMT" time="890.607" errors="0">
  <testcase name="TC0003" time="103.027" classname="com.BusinessScript.HelloWorld"/>
  <testcase name="TC0001" time="442.230" classname="com.BusinessScript.HelloWorld"/>
  <testcase name="TC0002" time="345.350" classname="com.BusinessScript.HelloWorld">
    <failure type="java.lang.AssertionError" message="Failed to open browser with www.amazon.in">
      <![CDATA[java.lang.AssertionError: Failed to open browser with www.amazon.in
	at org.junit.Assert.fail(Assert.java:88)
	at com.PlatformLayer.Framework.write(Framework.java:372)
	at com.ApplicationLayer.GN.openBrowser(GN.java:41)
	at com.BusinessScript.HelloWorld.TC0002(HelloWorld.java:46)
	at sun.reflect.NativeMethodAccessorImpl.invoke0(Native Method)
	at sun.reflect.NativeMethodAccessorImpl.invoke(NativeMethodAccessorImpl.java:62)
	at sun.reflect.DelegatingMethodAccessorImpl.invoke(DelegatingMethodAccessorImpl.java:43)
	at java.lang.reflect.Method.invoke(Method.java:498)
	at org.testng.internal.MethodInvocationHelper.invokeMethod(MethodInvocationHelper.java:85)
	at org.testng.internal.Invoker.invokeMethod(Invoker.java:639)
	at org.testng.internal.Invoker.invokeTestMethod(Invoker.java:816)
	at org.testng.internal.Invoker.invokeTestMethods(Invoker.java:1124)
	at org.testng.internal.TestMethodWorker.invokeTestMethods(TestMethodWorker.java:125)
	at org.testng.internal.TestMethodWorker.run(TestMethodWorker.java:108)
	at java.util.concurrent.ThreadPoolExecutor.runWorker(ThreadPoolExecutor.java:1142)
	at java.util.concurrent.ThreadPoolExecutor$Worker.run(ThreadPoolExecutor.java:617)
	at java.lang.Thread.run(Thread.java:745)
]]>
    </failure>
  </testcase> <!-- TC0002 -->
</testsuite> <!-- com.BusinessScript.HelloWorld -->
